TITLE : Convergence study for beam element.Mesh: 10
        (14:32:33 on June 9, 2024, Sunday)

C O N T R O L   I N F O R M A T I O N

      NUMBER OF NODAL POINTS . . . . . . . . . . (NUMNP)  =    11
      NUMBER OF ELEMENT GROUPS . . . . . . . . . (NUMEG)  =     1
      NUMBER OF LOAD CASES . . . . . . . . . . . (NLCASE) =     1
      SOLUTION MODE  . . . . . . . . . . . . . . (MODEX)  =     1
         EQ.0, DATA CHECK
         EQ.1, EXECUTION

 N O D A L   P O I N T   D A T A

    NODE       BOUNDARY                         NODAL POINT
   NUMBER  CONDITION  CODES                     COORDINATES
        1    1    1    1    1    1    1       0.00000e+00    0.00000e+00    0.00000e+00
        2    0    0    1    1    1    0       1.00000e+00    0.00000e+00    0.00000e+00
        3    0    0    1    1    1    0       2.00000e+00    0.00000e+00    0.00000e+00
        4    0    0    1    1    1    0       3.00000e+00    0.00000e+00    0.00000e+00
        5    0    0    1    1    1    0       4.00000e+00    0.00000e+00    0.00000e+00
        6    0    0    1    1    1    0       5.00000e+00    0.00000e+00    0.00000e+00
        7    0    0    1    1    1    0       6.00000e+00    0.00000e+00    0.00000e+00
        8    0    0    1    1    1    0       7.00000e+00    0.00000e+00    0.00000e+00
        9    0    0    1    1    1    0       8.00000e+00    0.00000e+00    0.00000e+00
       10    0    0    1    1    1    0       9.00000e+00    0.00000e+00    0.00000e+00
       11    0    0    1    1    1    0       1.00000e+01    0.00000e+00    0.00000e+00

 EQUATION NUMBERS

   NODE NUMBER   DEGREES OF FREEDOM
        N           X    Y    Z
        1           0    0    0    0    0    0
        2           1    2    0    0    0    3
        3           4    5    0    0    0    6
        4           7    8    0    0    0    9
        5          10   11    0    0    0   12
        6          13   14    0    0    0   15
        7          16   17    0    0    0   18
        8          19   20    0    0    0   21
        9          22   23    0    0    0   24
       10          25   26    0    0    0   27
       11          28   29    0    0    0   30

 L O A D   C A S E   D A T A

     LOAD CASE NUMBER . . . . . . . =     1
     NUMBER OF CONCENTRATED LOADS . =    13

    NODE       DIRECTION      LOAD
   NUMBER                   MAGNITUDE
      1            2       -5.00000e+00
      1            6       -8.33333e-01
      2            2       -1.00000e+01
      3            2       -1.00000e+01
      4            2       -1.00000e+01
      5            2       -1.00000e+01
      6            2       -1.00000e+01
      7            2       -1.00000e+01
      8            2       -1.00000e+01
      9            2       -1.00000e+01
     10            2       -1.00000e+01
     11            2       -5.00000e+00
     11            6        8.33333e-01

 E L E M E N T   G R O U P   D A T A


 E L E M E N T   D E F I N I T I O N

 ELEMENT TYPE  . . . . . . . . . . . . .( NPAR(1) ) . . =    5
     EQ.1, TRUSS ELEMENTS
     EQ.2, ELEMENTS CURRENTLY
     EQ.5, BEAM ELEMENTS
     EQ.3, NOT AVAILABLE

 NUMBER OF ELEMENTS. . . . . . . . . . .( NPAR(2) ) . . =   10

 M A T E R I A L   D E F I N I T I O N

 NUMBER OF DIFFERENT SETS OF MATERIAL
 AND CROSS-SECTIONAL  CONSTANTS  . . . .( NPAR(3) ) . . =    1

  SET       YOUNG'S     CROSS-SECTIONAL     MOMENT OF INERTIA     MOMENT OF INERTIA      MOMENT OF INERTIA     POISSON
 NUMBER     MODULUS          AREA             ABOUT Z AXIS      	  ABOUT Y AXIS		   		 POLAR        	  RATIO
               E              A					  Iz					   Iy				 	   Jp		        v
    1     1.00000e+03     1.00000e+00     8.33333e-02     8.33333e-02     0.00000e+00     3.00000e-010.00000e+001.00000e+000.00000e+00


 E L E M E N T   I N F O R M A T I O N
 ELEMENT     NODE     NODE       MATERIAL
 NUMBER-N      I        J       SET NUMBER
    1          1        2           1
    2          2        3           1
    3          3        4           1
    4          4        5           1
    5          5        6           1
    6          6        7           1
    7          7        8           1
    8          8        9           1
    9          9       10           1
   10         10       11           1

   Ele =        Location Matrix
        1    0    0    0    0    0    0    1    2    0    0    0    3
        2    1    2    0    0    0    3    4    5    0    0    0    6
        3    4    5    0    0    0    6    7    8    0    0    0    9
        4    7    8    0    0    0    9   10   11    0    0    0   12
        5   10   11    0    0    0   12   13   14    0    0    0   15
        6   13   14    0    0    0   15   16   17    0    0    0   18
        7   16   17    0    0    0   18   19   20    0    0    0   21
        8   19   20    0    0    0   21   22   23    0    0    0   24
        9   22   23    0    0    0   24   25   26    0    0    0   27
       10   25   26    0    0    0   27   28   29    0    0    0   30

*** _Debug_ *** Column Heights
       0       1       2       3       4       5       3       4       5       3       4       5       3       4       5       3       4       5       3       4       5       3       4       5       3       4       5       3       4       5

*** _Debug_ *** Address of Diagonal Element
       1       2       4       7      11      16      22      26      31      37      41      46      52      56      61      67      71      76      82      86      91      97     101     106     112     116     121     127     131     136     142

	TOTAL SYSTEM DATA

     NUMBER OF EQUATIONS . . . . . . . . . . . . . .(NEQ) = 30
     NUMBER OF MATRIX ELEMENTS . . . . . . . . . . .(NWK) = 141
     MAXIMUM HALF BANDWIDTH  . . . . . . . . . . . .(MK ) = 6
     MEAN HALF BANDWIDTH . . . . . . . . . . . . . .(MM ) = 4


*** _Debug_ *** Banded stiffness matrix
   2.00000e+03   2.00000e+03   0.00000e+00   6.66667e+02   0.00000e+00   0.00000e+00
   2.00000e+03   0.00000e+00   0.00000e+00  -1.00000e+03   2.00000e+03   0.00000e+00
  -5.00000e+02  -1.00000e+03   0.00000e+00   6.66667e+02   0.00000e+00   0.00000e+00
   1.66667e+02   5.00000e+02   0.00000e+00   2.00000e+03   0.00000e+00   0.00000e+00
  -1.00000e+03   2.00000e+03   0.00000e+00  -5.00000e+02  -1.00000e+03   0.00000e+00
   6.66667e+02   0.00000e+00   0.00000e+00   1.66667e+02   5.00000e+02   0.00000e+00
   2.00000e+03   0.00000e+00   0.00000e+00  -1.00000e+03   2.00000e+03   0.00000e+00
  -5.00000e+02  -1.00000e+03   0.00000e+00   6.66667e+02   0.00000e+00   0.00000e+00
   1.66667e+02   5.00000e+02   0.00000e+00   2.00000e+03   0.00000e+00   0.00000e+00
  -1.00000e+03   2.00000e+03   0.00000e+00  -5.00000e+02  -1.00000e+03   0.00000e+00
   6.66667e+02   0.00000e+00   0.00000e+00   1.66667e+02   5.00000e+02   0.00000e+00
   2.00000e+03   0.00000e+00   0.00000e+00  -1.00000e+03   2.00000e+03   0.00000e+00
  -5.00000e+02  -1.00000e+03   0.00000e+00   6.66667e+02   0.00000e+00   0.00000e+00
   1.66667e+02   5.00000e+02   0.00000e+00   2.00000e+03   0.00000e+00   0.00000e+00
  -1.00000e+03   2.00000e+03   0.00000e+00  -5.00000e+02  -1.00000e+03   0.00000e+00
   6.66667e+02   0.00000e+00   0.00000e+00   1.66667e+02   5.00000e+02   0.00000e+00
   2.00000e+03   0.00000e+00   0.00000e+00  -1.00000e+03   2.00000e+03   0.00000e+00
  -5.00000e+02  -1.00000e+03   0.00000e+00   6.66667e+02   0.00000e+00   0.00000e+00
   1.66667e+02   5.00000e+02   0.00000e+00   2.00000e+03   0.00000e+00   0.00000e+00
  -1.00000e+03   2.00000e+03   0.00000e+00  -5.00000e+02  -1.00000e+03   0.00000e+00
   6.66667e+02   0.00000e+00   0.00000e+00   1.66667e+02   5.00000e+02   0.00000e+00
   1.00000e+03   0.00000e+00   0.00000e+00  -1.00000e+03   1.00000e+03   0.00000e+00
  -5.00000e+02  -1.00000e+03   0.00000e+00   3.33333e+02  -5.00000e+02   0.00000e+00
   1.66667e+02   5.00000e+02   0.00000e+00

*** _Debug_ *** Full stiffness matrix
   2.00000e+03   0.00000e+00   0.00000e+00  -1.00000e+03   0.00000e+00   0.00000e+00   0.00000e+00   0.00000e+00   0.00000e+00   0.00000e+00   0.00000e+00   0.00000e+00   0.00000e+00   0.00000e+00   0.00000e+00   0.00000e+00   0.00000e+00   0.00000e+00   0.00000e+00   0.00000e+00   0.00000e+00   0.00000e+00   0.00000e+00   0.00000e+00   0.00000e+00   0.00000e+00   0.00000e+00   0.00000e+00   0.00000e+00   0.00000e+00
   0.00000e+00   2.00000e+03   0.00000e+00   0.00000e+00  -1.00000e+03   5.00000e+02   0.00000e+00   0.00000e+00   0.00000e+00   0.00000e+00   0.00000e+00   0.00000e+00   0.00000e+00   0.00000e+00   0.00000e+00   0.00000e+00   0.00000e+00   0.00000e+00   0.00000e+00   0.00000e+00   0.00000e+00   0.00000e+00   0.00000e+00   0.00000e+00   0.00000e+00   0.00000e+00   0.00000e+00   0.00000e+00   0.00000e+00   0.00000e+00
   0.00000e+00   0.00000e+00   6.66667e+02   0.00000e+00  -5.00000e+02   1.66667e+02   0.00000e+00   0.00000e+00   0.00000e+00   0.00000e+00   0.00000e+00   0.00000e+00   0.00000e+00   0.00000e+00   0.00000e+00   0.00000e+00   0.00000e+00   0.00000e+00   0.00000e+00   0.00000e+00   0.00000e+00   0.00000e+00   0.00000e+00   0.00000e+00   0.00000e+00   0.00000e+00   0.00000e+00   0.00000e+00   0.00000e+00   0.00000e+00
  -1.00000e+03   0.00000e+00   0.00000e+00   2.00000e+03   0.00000e+00   0.00000e+00  -1.00000e+03   0.00000e+00   0.00000e+00   0.00000e+00   0.00000e+00   0.00000e+00   0.00000e+00   0.00000e+00   0.00000e+00   0.00000e+00   0.00000e+00   0.00000e+00   0.00000e+00   0.00000e+00   0.00000e+00   0.00000e+00   0.00000e+00   0.00000e+00   0.00000e+00   0.00000e+00   0.00000e+00   0.00000e+00   0.00000e+00   0.00000e+00
   0.00000e+00  -1.00000e+03  -5.00000e+02   0.00000e+00   2.00000e+03   0.00000e+00   0.00000e+00  -1.00000e+03   5.00000e+02   0.00000e+00   0.00000e+00   0.00000e+00   0.00000e+00   0.00000e+00   0.00000e+00   0.00000e+00   0.00000e+00   0.00000e+00   0.00000e+00   0.00000e+00   0.00000e+00   0.00000e+00   0.00000e+00   0.00000e+00   0.00000e+00   0.00000e+00   0.00000e+00   0.00000e+00   0.00000e+00   0.00000e+00
   0.00000e+00   5.00000e+02   1.66667e+02   0.00000e+00   0.00000e+00   6.66667e+02   0.00000e+00  -5.00000e+02   1.66667e+02   0.00000e+00   0.00000e+00   0.00000e+00   0.00000e+00   0.00000e+00   0.00000e+00   0.00000e+00   0.00000e+00   0.00000e+00   0.00000e+00   0.00000e+00   0.00000e+00   0.00000e+00   0.00000e+00   0.00000e+00   0.00000e+00   0.00000e+00   0.00000e+00   0.00000e+00   0.00000e+00   0.00000e+00
   0.00000e+00   0.00000e+00   0.00000e+00  -1.00000e+03   0.00000e+00   0.00000e+00   2.00000e+03   0.00000e+00   0.00000e+00  -1.00000e+03   0.00000e+00   0.00000e+00   0.00000e+00   0.00000e+00   0.00000e+00   0.00000e+00   0.00000e+00   0.00000e+00   0.00000e+00   0.00000e+00   0.00000e+00   0.00000e+00   0.00000e+00   0.00000e+00   0.00000e+00   0.00000e+00   0.00000e+00   0.00000e+00   0.00000e+00   0.00000e+00
   0.00000e+00   0.00000e+00   0.00000e+00   0.00000e+00  -1.00000e+03  -5.00000e+02   0.00000e+00   2.00000e+03   0.00000e+00   0.00000e+00  -1.00000e+03   5.00000e+02   0.00000e+00   0.00000e+00   0.00000e+00   0.00000e+00   0.00000e+00   0.00000e+00   0.00000e+00   0.00000e+00   0.00000e+00   0.00000e+00   0.00000e+00   0.00000e+00   0.00000e+00   0.00000e+00   0.00000e+00   0.00000e+00   0.00000e+00   0.00000e+00
   0.00000e+00   0.00000e+00   0.00000e+00   0.00000e+00   5.00000e+02   1.66667e+02   0.00000e+00   0.00000e+00   6.66667e+02   0.00000e+00  -5.00000e+02   1.66667e+02   0.00000e+00   0.00000e+00   0.00000e+00   0.00000e+00   0.00000e+00   0.00000e+00   0.00000e+00   0.00000e+00   0.00000e+00   0.00000e+00   0.00000e+00   0.00000e+00   0.00000e+00   0.00000e+00   0.00000e+00   0.00000e+00   0.00000e+00   0.00000e+00
   0.00000e+00   0.00000e+00   0.00000e+00   0.00000e+00   0.00000e+00   0.00000e+00  -1.00000e+03   0.00000e+00   0.00000e+00   2.00000e+03   0.00000e+00   0.00000e+00  -1.00000e+03   0.00000e+00   0.00000e+00   0.00000e+00   0.00000e+00   0.00000e+00   0.00000e+00   0.00000e+00   0.00000e+00   0.00000e+00   0.00000e+00   0.00000e+00   0.00000e+00   0.00000e+00   0.00000e+00   0.00000e+00   0.00000e+00   0.00000e+00
   0.00000e+00   0.00000e+00   0.00000e+00   0.00000e+00   0.00000e+00   0.00000e+00   0.00000e+00  -1.00000e+03  -5.00000e+02   0.00000e+00   2.00000e+03   0.00000e+00   0.00000e+00  -1.00000e+03   5.00000e+02   0.00000e+00   0.00000e+00   0.00000e+00   0.00000e+00   0.00000e+00   0.00000e+00   0.00000e+00   0.00000e+00   0.00000e+00   0.00000e+00   0.00000e+00   0.00000e+00   0.00000e+00   0.00000e+00   0.00000e+00
   0.00000e+00   0.00000e+00   0.00000e+00   0.00000e+00   0.00000e+00   0.00000e+00   0.00000e+00   5.00000e+02   1.66667e+02   0.00000e+00   0.00000e+00   6.66667e+02   0.00000e+00  -5.00000e+02   1.66667e+02   0.00000e+00   0.00000e+00   0.00000e+00   0.00000e+00   0.00000e+00   0.00000e+00   0.00000e+00   0.00000e+00   0.00000e+00   0.00000e+00   0.00000e+00   0.00000e+00   0.00000e+00   0.00000e+00   0.00000e+00
   0.00000e+00   0.00000e+00   0.00000e+00   0.00000e+00   0.00000e+00   0.00000e+00   0.00000e+00   0.00000e+00   0.00000e+00  -1.00000e+03   0.00000e+00   0.00000e+00   2.00000e+03   0.00000e+00   0.00000e+00  -1.00000e+03   0.00000e+00   0.00000e+00   0.00000e+00   0.00000e+00   0.00000e+00   0.00000e+00   0.00000e+00   0.00000e+00   0.00000e+00   0.00000e+00   0.00000e+00   0.00000e+00   0.00000e+00   0.00000e+00
   0.00000e+00   0.00000e+00   0.00000e+00   0.00000e+00   0.00000e+00   0.00000e+00   0.00000e+00   0.00000e+00   0.00000e+00   0.00000e+00  -1.00000e+03  -5.00000e+02   0.00000e+00   2.00000e+03   0.00000e+00   0.00000e+00  -1.00000e+03   5.00000e+02   0.00000e+00   0.00000e+00   0.00000e+00   0.00000e+00   0.00000e+00   0.00000e+00   0.00000e+00   0.00000e+00   0.00000e+00   0.00000e+00   0.00000e+00   0.00000e+00
   0.00000e+00   0.00000e+00   0.00000e+00   0.00000e+00   0.00000e+00   0.00000e+00   0.00000e+00   0.00000e+00   0.00000e+00   0.00000e+00   5.00000e+02   1.66667e+02   0.00000e+00   0.00000e+00   6.66667e+02   0.00000e+00  -5.00000e+02   1.66667e+02   0.00000e+00   0.00000e+00   0.00000e+00   0.00000e+00   0.00000e+00   0.00000e+00   0.00000e+00   0.00000e+00   0.00000e+00   0.00000e+00   0.00000e+00   0.00000e+00
   0.00000e+00   0.00000e+00   0.00000e+00   0.00000e+00   0.00000e+00   0.00000e+00   0.00000e+00   0.00000e+00   0.00000e+00   0.00000e+00   0.00000e+00   0.00000e+00  -1.00000e+03   0.00000e+00   0.00000e+00   2.00000e+03   0.00000e+00   0.00000e+00  -1.00000e+03   0.00000e+00   0.00000e+00   0.00000e+00   0.00000e+00   0.00000e+00   0.00000e+00   0.00000e+00   0.00000e+00   0.00000e+00   0.00000e+00   0.00000e+00
   0.00000e+00   0.00000e+00   0.00000e+00   0.00000e+00   0.00000e+00   0.00000e+00   0.00000e+00   0.00000e+00   0.00000e+00   0.00000e+00   0.00000e+00   0.00000e+00   0.00000e+00  -1.00000e+03  -5.00000e+02   0.00000e+00   2.00000e+03   0.00000e+00   0.00000e+00  -1.00000e+03   5.00000e+02   0.00000e+00   0.00000e+00   0.00000e+00   0.00000e+00   0.00000e+00   0.00000e+00   0.00000e+00   0.00000e+00   0.00000e+00
   0.00000e+00   0.00000e+00   0.00000e+00   0.00000e+00   0.00000e+00   0.00000e+00   0.00000e+00   0.00000e+00   0.00000e+00   0.00000e+00   0.00000e+00   0.00000e+00   0.00000e+00   5.00000e+02   1.66667e+02   0.00000e+00   0.00000e+00   6.66667e+02   0.00000e+00  -5.00000e+02   1.66667e+02   0.00000e+00   0.00000e+00   0.00000e+00   0.00000e+00   0.00000e+00   0.00000e+00   0.00000e+00   0.00000e+00   0.00000e+00
   0.00000e+00   0.00000e+00   0.00000e+00   0.00000e+00   0.00000e+00   0.00000e+00   0.00000e+00   0.00000e+00   0.00000e+00   0.00000e+00   0.00000e+00   0.00000e+00   0.00000e+00   0.00000e+00   0.00000e+00  -1.00000e+03   0.00000e+00   0.00000e+00   2.00000e+03   0.00000e+00   0.00000e+00  -1.00000e+03   0.00000e+00   0.00000e+00   0.00000e+00   0.00000e+00   0.00000e+00   0.00000e+00   0.00000e+00   0.00000e+00
   0.00000e+00   0.00000e+00   0.00000e+00   0.00000e+00   0.00000e+00   0.00000e+00   0.00000e+00   0.00000e+00   0.00000e+00   0.00000e+00   0.00000e+00   0.00000e+00   0.00000e+00   0.00000e+00   0.00000e+00   0.00000e+00  -1.00000e+03  -5.00000e+02   0.00000e+00   2.00000e+03   0.00000e+00   0.00000e+00  -1.00000e+03   5.00000e+02   0.00000e+00   0.00000e+00   0.00000e+00   0.00000e+00   0.00000e+00   0.00000e+00
   0.00000e+00   0.00000e+00   0.00000e+00   0.00000e+00   0.00000e+00   0.00000e+00   0.00000e+00   0.00000e+00   0.00000e+00   0.00000e+00   0.00000e+00   0.00000e+00   0.00000e+00   0.00000e+00   0.00000e+00   0.00000e+00   5.00000e+02   1.66667e+02   0.00000e+00   0.00000e+00   6.66667e+02   0.00000e+00  -5.00000e+02   1.66667e+02   0.00000e+00   0.00000e+00   0.00000e+00   0.00000e+00   0.00000e+00   0.00000e+00
   0.00000e+00   0.00000e+00   0.00000e+00   0.00000e+00   0.00000e+00   0.00000e+00   0.00000e+00   0.00000e+00   0.00000e+00   0.00000e+00   0.00000e+00   0.00000e+00   0.00000e+00   0.00000e+00   0.00000e+00   0.00000e+00   0.00000e+00   0.00000e+00  -1.00000e+03   0.00000e+00   0.00000e+00   2.00000e+03   0.00000e+00   0.00000e+00  -1.00000e+03   0.00000e+00   0.00000e+00   0.00000e+00   0.00000e+00   0.00000e+00
   0.00000e+00   0.00000e+00   0.00000e+00   0.00000e+00   0.00000e+00   0.00000e+00   0.00000e+00   0.00000e+00   0.00000e+00   0.00000e+00   0.00000e+00   0.00000e+00   0.00000e+00   0.00000e+00   0.00000e+00   0.00000e+00   0.00000e+00   0.00000e+00   0.00000e+00  -1.00000e+03  -5.00000e+02   0.00000e+00   2.00000e+03   0.00000e+00   0.00000e+00  -1.00000e+03   5.00000e+02   0.00000e+00   0.00000e+00   0.00000e+00
   0.00000e+00   0.00000e+00   0.00000e+00   0.00000e+00   0.00000e+00   0.00000e+00   0.00000e+00   0.00000e+00   0.00000e+00   0.00000e+00   0.00000e+00   0.00000e+00   0.00000e+00   0.00000e+00   0.00000e+00   0.00000e+00   0.00000e+00   0.00000e+00   0.00000e+00   5.00000e+02   1.66667e+02   0.00000e+00   0.00000e+00   6.66667e+02   0.00000e+00  -5.00000e+02   1.66667e+02   0.00000e+00   0.00000e+00   0.00000e+00
   0.00000e+00   0.00000e+00   0.00000e+00   0.00000e+00   0.00000e+00   0.00000e+00   0.00000e+00   0.00000e+00   0.00000e+00   0.00000e+00   0.00000e+00   0.00000e+00   0.00000e+00   0.00000e+00   0.00000e+00   0.00000e+00   0.00000e+00   0.00000e+00   0.00000e+00   0.00000e+00   0.00000e+00  -1.00000e+03   0.00000e+00   0.00000e+00   2.00000e+03   0.00000e+00   0.00000e+00  -1.00000e+03   0.00000e+00   0.00000e+00
   0.00000e+00   0.00000e+00   0.00000e+00   0.00000e+00   0.00000e+00   0.00000e+00   0.00000e+00   0.00000e+00   0.00000e+00   0.00000e+00   0.00000e+00   0.00000e+00   0.00000e+00   0.00000e+00   0.00000e+00   0.00000e+00   0.00000e+00   0.00000e+00   0.00000e+00   0.00000e+00   0.00000e+00   0.00000e+00  -1.00000e+03  -5.00000e+02   0.00000e+00   2.00000e+03   0.00000e+00   0.00000e+00  -1.00000e+03   5.00000e+02
   0.00000e+00   0.00000e+00   0.00000e+00   0.00000e+00   0.00000e+00   0.00000e+00   0.00000e+00   0.00000e+00   0.00000e+00   0.00000e+00   0.00000e+00   0.00000e+00   0.00000e+00   0.00000e+00   0.00000e+00   0.00000e+00   0.00000e+00   0.00000e+00   0.00000e+00   0.00000e+00   0.00000e+00   0.00000e+00   5.00000e+02   1.66667e+02   0.00000e+00   0.00000e+00   6.66667e+02   0.00000e+00  -5.00000e+02   1.66667e+02
   0.00000e+00   0.00000e+00   0.00000e+00   0.00000e+00   0.00000e+00   0.00000e+00   0.00000e+00   0.00000e+00   0.00000e+00   0.00000e+00   0.00000e+00   0.00000e+00   0.00000e+00   0.00000e+00   0.00000e+00   0.00000e+00   0.00000e+00   0.00000e+00   0.00000e+00   0.00000e+00   0.00000e+00   0.00000e+00   0.00000e+00   0.00000e+00  -1.00000e+03   0.00000e+00   0.00000e+00   1.00000e+03   0.00000e+00   0.00000e+00
   0.00000e+00   0.00000e+00   0.00000e+00   0.00000e+00   0.00000e+00   0.00000e+00   0.00000e+00   0.00000e+00   0.00000e+00   0.00000e+00   0.00000e+00   0.00000e+00   0.00000e+00   0.00000e+00   0.00000e+00   0.00000e+00   0.00000e+00   0.00000e+00   0.00000e+00   0.00000e+00   0.00000e+00   0.00000e+00   0.00000e+00   0.00000e+00   0.00000e+00  -1.00000e+03  -5.00000e+02   0.00000e+00   1.00000e+03  -5.00000e+02
   0.00000e+00   0.00000e+00   0.00000e+00   0.00000e+00   0.00000e+00   0.00000e+00   0.00000e+00   0.00000e+00   0.00000e+00   0.00000e+00   0.00000e+00   0.00000e+00   0.00000e+00   0.00000e+00   0.00000e+00   0.00000e+00   0.00000e+00   0.00000e+00   0.00000e+00   0.00000e+00   0.00000e+00   0.00000e+00   0.00000e+00   0.00000e+00   0.00000e+00   5.00000e+02   1.66667e+02   0.00000e+00  -5.00000e+02   3.33333e+02

*** _Debug_ *** Banded stiffness matrix
   2.00000e+03   2.00000e+03   0.00000e+00   6.66667e+02   0.00000e+00   0.00000e+00
   1.50000e+03   0.00000e+00   0.00000e+00  -5.00000e-01   1.12500e+03   0.00000e+00
  -7.50000e-01  -5.00000e-01   0.00000e+00   3.75000e+02   3.33333e-01   0.00000e+00
   2.50000e-01   2.50000e-01   0.00000e+00   1.33333e+03   0.00000e+00   0.00000e+00
  -6.66667e-01   1.03704e+03   0.00000e+00  -4.44444e-01  -8.88889e-01   0.00000e+00
   2.53968e+02   4.28571e-01   0.00000e+00   7.57912e-17   4.44444e-01   0.00000e+00
   1.25000e+03   0.00000e+00   0.00000e+00  -7.50000e-01   1.01562e+03   0.00000e+00
  -2.81250e-01  -9.64286e-01   0.00000e+00   2.00321e+02   4.61538e-01   0.00000e+00
  -1.87500e-01   4.82143e-01   0.00000e+00   1.20000e+03   0.00000e+00   0.00000e+00
  -8.00000e-01   1.00800e+03   0.00000e+00  -1.92000e-01  -9.84615e-01   0.00000e+00
   1.71429e+02   4.76190e-01   0.00000e+00  -3.20000e-01   4.92308e-01   0.00000e+00
   1.16667e+03   0.00000e+00   0.00000e+00  -8.33333e-01   1.00463e+03   0.00000e+00
  -1.38889e-01  -9.92063e-01   0.00000e+00   1.53674e+02   4.83871e-01   0.00000e+00
  -4.16667e-01   4.96032e-01   0.00000e+00   1.14286e+03   0.00000e+00   0.00000e+00
  -8.57143e-01   1.00292e+03   0.00000e+00  -1.04956e-01  -9.95392e-01   0.00000e+00
   1.41750e+02   4.88372e-01   0.00000e+00  -4.89796e-01   4.97696e-01   0.00000e+00
   1.12500e+03   0.00000e+00   0.00000e+00  -8.75000e-01   1.00195e+03   0.00000e+00
  -8.20313e-02  -9.97093e-01   0.00000e+00   1.33224e+02   4.91228e-01   0.00000e+00
  -5.46875e-01   4.98547e-01   0.00000e+00   1.11111e+03   0.00000e+00   0.00000e+00
  -8.88889e-01   1.00137e+03   0.00000e+00  -6.58436e-02  -9.98051e-01   0.00000e+00
   1.26839e+02   4.93151e-01   0.00000e+00  -5.92593e-01   4.99025e-01   0.00000e+00
   1.00000e+02   0.00000e+00   0.00000e+00  -9.00000e-01   1.00000e+00   0.00000e+00
  -5.40000e-02  -9.98630e-01   0.00000e+00   8.33333e+00  -5.00000e+00   0.00000e+00
  -6.30000e-01   4.99315e-01   0.00000e+00

*** _Debug_ *** Full stiffness matrix
   2.00000e+03   0.00000e+00   0.00000e+00  -5.00000e-01   0.00000e+00   0.00000e+00   0.00000e+00   0.00000e+00   0.00000e+00   0.00000e+00   0.00000e+00   0.00000e+00   0.00000e+00   0.00000e+00   0.00000e+00   0.00000e+00   0.00000e+00   0.00000e+00   0.00000e+00   0.00000e+00   0.00000e+00   0.00000e+00   0.00000e+00   0.00000e+00   0.00000e+00   0.00000e+00   0.00000e+00   0.00000e+00   0.00000e+00   0.00000e+00
   0.00000e+00   2.00000e+03   0.00000e+00   0.00000e+00  -5.00000e-01   2.50000e-01   0.00000e+00   0.00000e+00   0.00000e+00   0.00000e+00   0.00000e+00   0.00000e+00   0.00000e+00   0.00000e+00   0.00000e+00   0.00000e+00   0.00000e+00   0.00000e+00   0.00000e+00   0.00000e+00   0.00000e+00   0.00000e+00   0.00000e+00   0.00000e+00   0.00000e+00   0.00000e+00   0.00000e+00   0.00000e+00   0.00000e+00   0.00000e+00
   0.00000e+00   0.00000e+00   6.66667e+02   0.00000e+00  -7.50000e-01   2.50000e-01   0.00000e+00   0.00000e+00   0.00000e+00   0.00000e+00   0.00000e+00   0.00000e+00   0.00000e+00   0.00000e+00   0.00000e+00   0.00000e+00   0.00000e+00   0.00000e+00   0.00000e+00   0.00000e+00   0.00000e+00   0.00000e+00   0.00000e+00   0.00000e+00   0.00000e+00   0.00000e+00   0.00000e+00   0.00000e+00   0.00000e+00   0.00000e+00
  -5.00000e-01   0.00000e+00   0.00000e+00   1.50000e+03   0.00000e+00   0.00000e+00  -6.66667e-01   0.00000e+00   0.00000e+00   0.00000e+00   0.00000e+00   0.00000e+00   0.00000e+00   0.00000e+00   0.00000e+00   0.00000e+00   0.00000e+00   0.00000e+00   0.00000e+00   0.00000e+00   0.00000e+00   0.00000e+00   0.00000e+00   0.00000e+00   0.00000e+00   0.00000e+00   0.00000e+00   0.00000e+00   0.00000e+00   0.00000e+00
   0.00000e+00  -5.00000e-01  -7.50000e-01   0.00000e+00   1.12500e+03   3.33333e-01   0.00000e+00  -8.88889e-01   4.44444e-01   0.00000e+00   0.00000e+00   0.00000e+00   0.00000e+00   0.00000e+00   0.00000e+00   0.00000e+00   0.00000e+00   0.00000e+00   0.00000e+00   0.00000e+00   0.00000e+00   0.00000e+00   0.00000e+00   0.00000e+00   0.00000e+00   0.00000e+00   0.00000e+00   0.00000e+00   0.00000e+00   0.00000e+00
   0.00000e+00   2.50000e-01   2.50000e-01   0.00000e+00   3.33333e-01   3.75000e+02   0.00000e+00  -4.44444e-01   7.57912e-17   0.00000e+00   0.00000e+00   0.00000e+00   0.00000e+00   0.00000e+00   0.00000e+00   0.00000e+00   0.00000e+00   0.00000e+00   0.00000e+00   0.00000e+00   0.00000e+00   0.00000e+00   0.00000e+00   0.00000e+00   0.00000e+00   0.00000e+00   0.00000e+00   0.00000e+00   0.00000e+00   0.00000e+00
   0.00000e+00   0.00000e+00   0.00000e+00  -6.66667e-01   0.00000e+00   0.00000e+00   1.33333e+03   0.00000e+00   0.00000e+00  -7.50000e-01   0.00000e+00   0.00000e+00   0.00000e+00   0.00000e+00   0.00000e+00   0.00000e+00   0.00000e+00   0.00000e+00   0.00000e+00   0.00000e+00   0.00000e+00   0.00000e+00   0.00000e+00   0.00000e+00   0.00000e+00   0.00000e+00   0.00000e+00   0.00000e+00   0.00000e+00   0.00000e+00
   0.00000e+00   0.00000e+00   0.00000e+00   0.00000e+00  -8.88889e-01  -4.44444e-01   0.00000e+00   1.03704e+03   4.28571e-01   0.00000e+00  -9.64286e-01   4.82143e-01   0.00000e+00   0.00000e+00   0.00000e+00   0.00000e+00   0.00000e+00   0.00000e+00   0.00000e+00   0.00000e+00   0.00000e+00   0.00000e+00   0.00000e+00   0.00000e+00   0.00000e+00   0.00000e+00   0.00000e+00   0.00000e+00   0.00000e+00   0.00000e+00
   0.00000e+00   0.00000e+00   0.00000e+00   0.00000e+00   4.44444e-01   7.57912e-17   0.00000e+00   4.28571e-01   2.53968e+02   0.00000e+00  -2.81250e-01  -1.87500e-01   0.00000e+00   0.00000e+00   0.00000e+00   0.00000e+00   0.00000e+00   0.00000e+00   0.00000e+00   0.00000e+00   0.00000e+00   0.00000e+00   0.00000e+00   0.00000e+00   0.00000e+00   0.00000e+00   0.00000e+00   0.00000e+00   0.00000e+00   0.00000e+00
   0.00000e+00   0.00000e+00   0.00000e+00   0.00000e+00   0.00000e+00   0.00000e+00  -7.50000e-01   0.00000e+00   0.00000e+00   1.25000e+03   0.00000e+00   0.00000e+00  -8.00000e-01   0.00000e+00   0.00000e+00   0.00000e+00   0.00000e+00   0.00000e+00   0.00000e+00   0.00000e+00   0.00000e+00   0.00000e+00   0.00000e+00   0.00000e+00   0.00000e+00   0.00000e+00   0.00000e+00   0.00000e+00   0.00000e+00   0.00000e+00
   0.00000e+00   0.00000e+00   0.00000e+00   0.00000e+00   0.00000e+00   0.00000e+00   0.00000e+00  -9.64286e-01  -2.81250e-01   0.00000e+00   1.01562e+03   4.61538e-01   0.00000e+00  -9.84615e-01   4.92308e-01   0.00000e+00   0.00000e+00   0.00000e+00   0.00000e+00   0.00000e+00   0.00000e+00   0.00000e+00   0.00000e+00   0.00000e+00   0.00000e+00   0.00000e+00   0.00000e+00   0.00000e+00   0.00000e+00   0.00000e+00
   0.00000e+00   0.00000e+00   0.00000e+00   0.00000e+00   0.00000e+00   0.00000e+00   0.00000e+00   4.82143e-01  -1.87500e-01   0.00000e+00   4.61538e-01   2.00321e+02   0.00000e+00  -1.92000e-01  -3.20000e-01   0.00000e+00   0.00000e+00   0.00000e+00   0.00000e+00   0.00000e+00   0.00000e+00   0.00000e+00   0.00000e+00   0.00000e+00   0.00000e+00   0.00000e+00   0.00000e+00   0.00000e+00   0.00000e+00   0.00000e+00
   0.00000e+00   0.00000e+00   0.00000e+00   0.00000e+00   0.00000e+00   0.00000e+00   0.00000e+00   0.00000e+00   0.00000e+00  -8.00000e-01   0.00000e+00   0.00000e+00   1.20000e+03   0.00000e+00   0.00000e+00  -8.33333e-01   0.00000e+00   0.00000e+00   0.00000e+00   0.00000e+00   0.00000e+00   0.00000e+00   0.00000e+00   0.00000e+00   0.00000e+00   0.00000e+00   0.00000e+00   0.00000e+00   0.00000e+00   0.00000e+00
   0.00000e+00   0.00000e+00   0.00000e+00   0.00000e+00   0.00000e+00   0.00000e+00   0.00000e+00   0.00000e+00   0.00000e+00   0.00000e+00  -9.84615e-01  -1.92000e-01   0.00000e+00   1.00800e+03   4.76190e-01   0.00000e+00  -9.92063e-01   4.96032e-01   0.00000e+00   0.00000e+00   0.00000e+00   0.00000e+00   0.00000e+00   0.00000e+00   0.00000e+00   0.00000e+00   0.00000e+00   0.00000e+00   0.00000e+00   0.00000e+00
   0.00000e+00   0.00000e+00   0.00000e+00   0.00000e+00   0.00000e+00   0.00000e+00   0.00000e+00   0.00000e+00   0.00000e+00   0.00000e+00   4.92308e-01  -3.20000e-01   0.00000e+00   4.76190e-01   1.71429e+02   0.00000e+00  -1.38889e-01  -4.16667e-01   0.00000e+00   0.00000e+00   0.00000e+00   0.00000e+00   0.00000e+00   0.00000e+00   0.00000e+00   0.00000e+00   0.00000e+00   0.00000e+00   0.00000e+00   0.00000e+00
   0.00000e+00   0.00000e+00   0.00000e+00   0.00000e+00   0.00000e+00   0.00000e+00   0.00000e+00   0.00000e+00   0.00000e+00   0.00000e+00   0.00000e+00   0.00000e+00  -8.33333e-01   0.00000e+00   0.00000e+00   1.16667e+03   0.00000e+00   0.00000e+00  -8.57143e-01   0.00000e+00   0.00000e+00   0.00000e+00   0.00000e+00   0.00000e+00   0.00000e+00   0.00000e+00   0.00000e+00   0.00000e+00   0.00000e+00   0.00000e+00
   0.00000e+00   0.00000e+00   0.00000e+00   0.00000e+00   0.00000e+00   0.00000e+00   0.00000e+00   0.00000e+00   0.00000e+00   0.00000e+00   0.00000e+00   0.00000e+00   0.00000e+00  -9.92063e-01  -1.38889e-01   0.00000e+00   1.00463e+03   4.83871e-01   0.00000e+00  -9.95392e-01   4.97696e-01   0.00000e+00   0.00000e+00   0.00000e+00   0.00000e+00   0.00000e+00   0.00000e+00   0.00000e+00   0.00000e+00   0.00000e+00
   0.00000e+00   0.00000e+00   0.00000e+00   0.00000e+00   0.00000e+00   0.00000e+00   0.00000e+00   0.00000e+00   0.00000e+00   0.00000e+00   0.00000e+00   0.00000e+00   0.00000e+00   4.96032e-01  -4.16667e-01   0.00000e+00   4.83871e-01   1.53674e+02   0.00000e+00  -1.04956e-01  -4.89796e-01   0.00000e+00   0.00000e+00   0.00000e+00   0.00000e+00   0.00000e+00   0.00000e+00   0.00000e+00   0.00000e+00   0.00000e+00
   0.00000e+00   0.00000e+00   0.00000e+00   0.00000e+00   0.00000e+00   0.00000e+00   0.00000e+00   0.00000e+00   0.00000e+00   0.00000e+00   0.00000e+00   0.00000e+00   0.00000e+00   0.00000e+00   0.00000e+00  -8.57143e-01   0.00000e+00   0.00000e+00   1.14286e+03   0.00000e+00   0.00000e+00  -8.75000e-01   0.00000e+00   0.00000e+00   0.00000e+00   0.00000e+00   0.00000e+00   0.00000e+00   0.00000e+00   0.00000e+00
   0.00000e+00   0.00000e+00   0.00000e+00   0.00000e+00   0.00000e+00   0.00000e+00   0.00000e+00   0.00000e+00   0.00000e+00   0.00000e+00   0.00000e+00   0.00000e+00   0.00000e+00   0.00000e+00   0.00000e+00   0.00000e+00  -9.95392e-01  -1.04956e-01   0.00000e+00   1.00292e+03   4.88372e-01   0.00000e+00  -9.97093e-01   4.98547e-01   0.00000e+00   0.00000e+00   0.00000e+00   0.00000e+00   0.00000e+00   0.00000e+00
   0.00000e+00   0.00000e+00   0.00000e+00   0.00000e+00   0.00000e+00   0.00000e+00   0.00000e+00   0.00000e+00   0.00000e+00   0.00000e+00   0.00000e+00   0.00000e+00   0.00000e+00   0.00000e+00   0.00000e+00   0.00000e+00   4.97696e-01  -4.89796e-01   0.00000e+00   4.88372e-01   1.41750e+02   0.00000e+00  -8.20313e-02  -5.46875e-01   0.00000e+00   0.00000e+00   0.00000e+00   0.00000e+00   0.00000e+00   0.00000e+00
   0.00000e+00   0.00000e+00   0.00000e+00   0.00000e+00   0.00000e+00   0.00000e+00   0.00000e+00   0.00000e+00   0.00000e+00   0.00000e+00   0.00000e+00   0.00000e+00   0.00000e+00   0.00000e+00   0.00000e+00   0.00000e+00   0.00000e+00   0.00000e+00  -8.75000e-01   0.00000e+00   0.00000e+00   1.12500e+03   0.00000e+00   0.00000e+00  -8.88889e-01   0.00000e+00   0.00000e+00   0.00000e+00   0.00000e+00   0.00000e+00
   0.00000e+00   0.00000e+00   0.00000e+00   0.00000e+00   0.00000e+00   0.00000e+00   0.00000e+00   0.00000e+00   0.00000e+00   0.00000e+00   0.00000e+00   0.00000e+00   0.00000e+00   0.00000e+00   0.00000e+00   0.00000e+00   0.00000e+00   0.00000e+00   0.00000e+00  -9.97093e-01  -8.20313e-02   0.00000e+00   1.00195e+03   4.91228e-01   0.00000e+00  -9.98051e-01   4.99025e-01   0.00000e+00   0.00000e+00   0.00000e+00
   0.00000e+00   0.00000e+00   0.00000e+00   0.00000e+00   0.00000e+00   0.00000e+00   0.00000e+00   0.00000e+00   0.00000e+00   0.00000e+00   0.00000e+00   0.00000e+00   0.00000e+00   0.00000e+00   0.00000e+00   0.00000e+00   0.00000e+00   0.00000e+00   0.00000e+00   4.98547e-01  -5.46875e-01   0.00000e+00   4.91228e-01   1.33224e+02   0.00000e+00  -6.58436e-02  -5.92593e-01   0.00000e+00   0.00000e+00   0.00000e+00
   0.00000e+00   0.00000e+00   0.00000e+00   0.00000e+00   0.00000e+00   0.00000e+00   0.00000e+00   0.00000e+00   0.00000e+00   0.00000e+00   0.00000e+00   0.00000e+00   0.00000e+00   0.00000e+00   0.00000e+00   0.00000e+00   0.00000e+00   0.00000e+00   0.00000e+00   0.00000e+00   0.00000e+00  -8.88889e-01   0.00000e+00   0.00000e+00   1.11111e+03   0.00000e+00   0.00000e+00  -9.00000e-01   0.00000e+00   0.00000e+00
   0.00000e+00   0.00000e+00   0.00000e+00   0.00000e+00   0.00000e+00   0.00000e+00   0.00000e+00   0.00000e+00   0.00000e+00   0.00000e+00   0.00000e+00   0.00000e+00   0.00000e+00   0.00000e+00   0.00000e+00   0.00000e+00   0.00000e+00   0.00000e+00   0.00000e+00   0.00000e+00   0.00000e+00   0.00000e+00  -9.98051e-01  -6.58436e-02   0.00000e+00   1.00137e+03   4.93151e-01   0.00000e+00  -9.98630e-01   4.99315e-01
   0.00000e+00   0.00000e+00   0.00000e+00   0.00000e+00   0.00000e+00   0.00000e+00   0.00000e+00   0.00000e+00   0.00000e+00   0.00000e+00   0.00000e+00   0.00000e+00   0.00000e+00   0.00000e+00   0.00000e+00   0.00000e+00   0.00000e+00   0.00000e+00   0.00000e+00   0.00000e+00   0.00000e+00   0.00000e+00   4.99025e-01  -5.92593e-01   0.00000e+00   4.93151e-01   1.26839e+02   0.00000e+00  -5.40000e-02  -6.30000e-01
   0.00000e+00   0.00000e+00   0.00000e+00   0.00000e+00   0.00000e+00   0.00000e+00   0.00000e+00   0.00000e+00   0.00000e+00   0.00000e+00   0.00000e+00   0.00000e+00   0.00000e+00   0.00000e+00   0.00000e+00   0.00000e+00   0.00000e+00   0.00000e+00   0.00000e+00   0.00000e+00   0.00000e+00   0.00000e+00   0.00000e+00   0.00000e+00  -9.00000e-01   0.00000e+00   0.00000e+00   1.00000e+02   0.00000e+00   0.00000e+00
   0.00000e+00   0.00000e+00   0.00000e+00   0.00000e+00   0.00000e+00   0.00000e+00   0.00000e+00   0.00000e+00   0.00000e+00   0.00000e+00   0.00000e+00   0.00000e+00   0.00000e+00   0.00000e+00   0.00000e+00   0.00000e+00   0.00000e+00   0.00000e+00   0.00000e+00   0.00000e+00   0.00000e+00   0.00000e+00   0.00000e+00   0.00000e+00   0.00000e+00  -9.98630e-01  -5.40000e-02   0.00000e+00   1.00000e+00  -5.00000e+00
   0.00000e+00   0.00000e+00   0.00000e+00   0.00000e+00   0.00000e+00   0.00000e+00   0.00000e+00   0.00000e+00   0.00000e+00   0.00000e+00   0.00000e+00   0.00000e+00   0.00000e+00   0.00000e+00   0.00000e+00   0.00000e+00   0.00000e+00   0.00000e+00   0.00000e+00   0.00000e+00   0.00000e+00   0.00000e+00   0.00000e+00   0.00000e+00   0.00000e+00   4.99315e-01  -6.30000e-01   0.00000e+00  -5.00000e+00   8.33333e+00

 LOAD CASE    1


*** _Debug_ *** Displacement vector
   0.00000e+00  -2.80500e+00  -5.42000e+00   0.00000e+00  -1.04800e+01
  -9.76000e+00   0.00000e+00  -2.20050e+01  -1.31400e+01   0.00000e+00  -3.64800e+01
  -1.56800e+01   0.00000e+00  -5.31250e+01  -1.75000e+01   0.00000e+00  -7.12800e+01
  -1.87200e+01   0.00000e+00  -9.04050e+01  -1.94600e+01   0.00000e+00  -1.10080e+02
  -1.98400e+01   0.00000e+00  -1.30005e+02  -1.99800e+01   0.00000e+00  -1.50000e+02
  -2.00000e+01

 D I S P L A C E M E N T S

  NODE           X-DISPLACEMENT    Y-DISPLACEMENT    Z-DISPLACEMENT    X-ANGLE    Y-ANGLE    Z-ANGLE
    1               0.00000e+00       0.00000e+00       0.00000e+00       0.00000e+00       0.00000e+00       0.00000e+00
    2               0.00000e+00      -2.80500e+00       0.00000e+00       0.00000e+00       0.00000e+00      -5.42000e+00
    3               0.00000e+00      -1.04800e+01       0.00000e+00       0.00000e+00       0.00000e+00      -9.76000e+00
    4               0.00000e+00      -2.20050e+01       0.00000e+00       0.00000e+00       0.00000e+00      -1.31400e+01
    5               0.00000e+00      -3.64800e+01       0.00000e+00       0.00000e+00       0.00000e+00      -1.56800e+01
    6               0.00000e+00      -5.31250e+01       0.00000e+00       0.00000e+00       0.00000e+00      -1.75000e+01
    7               0.00000e+00      -7.12800e+01       0.00000e+00       0.00000e+00       0.00000e+00      -1.87200e+01
    8               0.00000e+00      -9.04050e+01       0.00000e+00       0.00000e+00       0.00000e+00      -1.94600e+01
    9               0.00000e+00      -1.10080e+02       0.00000e+00       0.00000e+00       0.00000e+00      -1.98400e+01
   10               0.00000e+00      -1.30005e+02       0.00000e+00       0.00000e+00       0.00000e+00      -1.99800e+01
   11               0.00000e+00      -1.50000e+02       0.00000e+00       0.00000e+00       0.00000e+00      -2.00000e+01

 S T R E S S  C A L C U L A T I O N S  F O R  E L E M E N T  G R O U P    1

  ELEMENT             STRESS             TORSION             MOMENT_Y_1             MOMENT_Y_2             MOMENT_Z_1             MOMENT_Z_2             SHEAR_Y             SHEAR_Z
  NUMBER
    1           0.00000e+00           0.00000e+00           0.00000e+00           0.00000e+00          -4.79091e+02          -4.24243e+02          -9.50000e+01           0.00000e+00
    2           0.00000e+00           0.00000e+00           0.00000e+00           0.00000e+00          -3.86204e+02          -3.37129e+02          -8.50000e+01           0.00000e+00
    3           0.00000e+00           0.00000e+00           0.00000e+00           0.00000e+00          -3.03317e+02          -2.60016e+02          -7.50000e+01           0.00000e+00
    4           0.00000e+00           0.00000e+00           0.00000e+00           0.00000e+00          -2.30431e+02          -1.92903e+02          -6.50000e+01           0.00000e+00
    5           0.00000e+00           0.00000e+00           0.00000e+00           0.00000e+00          -1.67544e+02          -1.35790e+02          -5.50000e+01           0.00000e+00
    6           0.00000e+00           0.00000e+00           0.00000e+00           0.00000e+00          -1.14657e+02          -8.86763e+01          -4.50000e+01           0.00000e+00
    7           0.00000e+00           0.00000e+00           0.00000e+00           0.00000e+00          -7.17703e+01          -5.15630e+01          -3.50000e+01           0.00000e+00
    8           0.00000e+00           0.00000e+00           0.00000e+00           0.00000e+00          -3.88835e+01          -2.44498e+01          -2.50000e+01           0.00000e+00
    9           0.00000e+00           0.00000e+00           0.00000e+00           0.00000e+00          -1.59968e+01          -7.33654e+00          -1.50000e+01           0.00000e+00
   10           0.00000e+00           0.00000e+00           0.00000e+00           0.00000e+00          -3.11004e+00          -2.23291e-01          -5.00000e+00           0.00000e+00


 S O L U T I O N   T I M E   L O G   I N   S E C 

     TIME FOR INPUT PHASE = 1.35600e-03
     TIME FOR CALCULATION OF STIFFNESS MATRIX = 4.93000e-03
     TIME FOR FACTORIZATION AND LOAD CASE SOLUTIONS = 1.27600e-03

     T O T A L   S O L U T I O N   T I M E = 7.56200e-03

